lis 05, 2019 6:11:04 PM Main main
INFO: Czas rozpoczęcia gry: 06:11:04
lis 05, 2019 6:11:07 PM Main main
INFO: Imie gracza: asd
lis 05, 2019 6:11:08 PM Main main
INFO: Wybrana ilosc liczb to: 3
lis 05, 2019 6:11:09 PM Main main
INFO: Propozycja gracza w rundzie nr 1 to: [1, 2, 3]
lis 05, 2019 6:11:09 PM Main main
INFO: Czas trwania rundy nr 1 to: 0.697 sekundy
lis 05, 2019 6:11:10 PM Main main
INFO: Propozycja gracza w rundzie nr 2 to: [2, 1, 3]
lis 05, 2019 6:11:10 PM Main main
INFO: Czas trwania rundy nr 2 to: 1.48 sekundy
lis 05, 2019 6:11:12 PM Main main
INFO: Propozycja gracza w rundzie nr 3 to: [2, 3, 1]
lis 05, 2019 6:11:12 PM Main main
INFO: Czas trwania rundy nr 3 to: 1.481 sekundy
lis 05, 2019 6:11:13 PM Main main
INFO: Propozycja gracza w rundzie nr 4 to: [1, 2, 3]
lis 05, 2019 6:11:13 PM Main main
INFO: Czas trwania rundy nr 4 to: 0.907 sekundy
lis 05, 2019 6:11:14 PM Main main
INFO: Propozycja gracza w rundzie nr 5 to: [2, 3, 1]
lis 05, 2019 6:11:14 PM Main main
INFO: Czas trwania rundy nr 5 to: 1.529 sekundy
lis 05, 2019 6:11:14 PM Main main
INFO: Wynik: Wygrana
lis 05, 2019 7:33:19 PM Main main
INFO: Czas rozpoczęcia gry: 07:33:19
lis 05, 2019 7:33:23 PM Main main
INFO: Imie gracza: adam
lis 05, 2019 7:33:26 PM Main main
INFO: Wybrana ilosc liczb to: 4
lis 05, 2019 7:33:37 PM Main main
INFO: Uzytkownik zakonczyl gre
lis 05, 2019 7:33:48 PM Main main
INFO: Czas rozpoczęcia gry: 07:33:48
kwi 22, 2020 2:37:58 AM Main main
INFO: Czas rozpoczęcia gry: 02:37:58
